<?xml version="1.0" encoding="UTF-8"?>
<testsuite name="uk.co.huntersix.spring.rest.controller.HttpRequestTest" tests="1" skipped="0" failures="0" errors="0" timestamp="2020-07-21T10:54:42" hostname="Birguls-MacBook-Pro.local" time="0.169">
  <properties/>
  <testcase name="shouldReturnPersonDetails" classname="uk.co.huntersix.spring.rest.controller.HttpRequestTest" time="0.169"/>
  <system-out><![CDATA[2020-07-21 11:54:42.184  INFO 48318 --- [    Test worker] .b.t.c.SpringBootTestContextBootstrapper : Neither @ContextConfiguration nor @ContextHierarchy found for test class [uk.co.huntersix.spring.rest.controller.HttpRequestTest], using SpringBootContextLoader
2020-07-21 11:54:42.185  INFO 48318 --- [    Test worker] o.s.t.c.support.AbstractContextLoader    : Could not detect default resource locations for test class [uk.co.huntersix.spring.rest.controller.HttpRequestTest]: no resource found for suffixes {-context.xml, Context.groovy}.
2020-07-21 11:54:42.185  INFO 48318 --- [    Test worker] t.c.s.AnnotationConfigContextLoaderUtils : Could not detect default configuration classes for test class [uk.co.huntersix.spring.rest.controller.HttpRequestTest]: HttpRequestTest does not declare any static, non-private, non-final, nested classes annotated with @Configuration.
2020-07-21 11:54:42.191  INFO 48318 --- [    Test worker] .b.t.c.SpringBootTestContextBootstrapper : Found @SpringBootConfiguration uk.co.huntersix.spring.rest.Application for test class uk.co.huntersix.spring.rest.controller.HttpRequestTest
2020-07-21 11:54:42.191  INFO 48318 --- [    Test worker] .b.t.c.SpringBootTestContextBootstrapper : Loaded default TestExecutionListener class names from location [META-INF/spring.factories]: [org.springframework.boot.test.autoconfigure.restdocs.RestDocsTestExecutionListener, org.springframework.boot.test.autoconfigure.web.client.MockRestServiceServerResetTestExecutionListener, org.springframework.boot.test.autoconfigure.web.servlet.MockMvcPrintOnlyOnFailureTestExecutionListener, org.springframework.boot.test.autoconfigure.web.servlet.WebDriverTestExecutionListener, org.springframework.boot.test.mock.mockito.MockitoTestExecutionListener, org.springframework.boot.test.mock.mockito.ResetMocksTestExecutionListener, org.springframework.test.context.web.ServletTestExecutionListener, org.springframework.test.context.support.DirtiesContextBeforeModesTestExecutionListener, org.springframework.test.context.support.DependencyInjectionTestExecutionListener, org.springframework.test.context.support.DirtiesContextTestExecutionListener, org.springframework.test.context.transaction.TransactionalTestExecutionListener, org.springframework.test.context.jdbc.SqlScriptsTestExecutionListener]
2020-07-21 11:54:42.192  INFO 48318 --- [    Test worker] .b.t.c.SpringBootTestContextBootstrapper : Using TestExecutionListeners: [org.springframework.test.context.web.ServletTestExecutionListener@4e7e594c, org.springframework.test.context.support.DirtiesContextBeforeModesTestExecutionListener@5fb1add0, org.springframework.boot.test.mock.mockito.MockitoTestExecutionListener@6a7c7aab, org.springframework.boot.test.autoconfigure.SpringBootDependencyInjectionTestExecutionListener@5ac8f9e9, org.springframework.test.context.support.DirtiesContextTestExecutionListener@66407fc5, org.springframework.boot.test.autoconfigure.restdocs.RestDocsTestExecutionListener@344d81f0, org.springframework.boot.test.autoconfigure.web.client.MockRestServiceServerResetTestExecutionListener@3d6d1cf0, org.springframework.boot.test.autoconfigure.web.servlet.MockMvcPrintOnlyOnFailureTestExecutionListener@2077ad05, org.springframework.boot.test.autoconfigure.web.servlet.WebDriverTestExecutionListener@45ac4099, org.springframework.boot.test.mock.mockito.ResetMocksTestExecutionListener@1d360bdd]

  .   ____          _            __ _ _
 /\\ / ___'_ __ _ _(_)_ __  __ _ \ \ \ \
( ( )\___ | '_ | '_| | '_ \/ _` | \ \ \ \
 \\/  ___)| |_)| | | | | || (_| |  ) ) ) )
  '  |____| .__|_| |_|_| |_\__, | / / / /
 =========|_|==============|___/=/_/_/_/
 :: Spring Boot ::        (v2.1.6.RELEASE)

2020-07-21 11:54:42.210  INFO 48318 --- [    Test worker] u.c.h.s.rest.controller.HttpRequestTest  : Starting HttpRequestTest on Birguls-MacBook-Pro.local with PID 48318 (started by birgulayaz in /Users/birgulayaz/Downloads/java-spring-restful-api-test)
2020-07-21 11:54:42.210  INFO 48318 --- [    Test worker] u.c.h.s.rest.controller.HttpRequestTest  : No active profile set, falling back to default profiles: default
2020-07-21 11:54:42.446  INFO 48318 --- [    Test worker] o.s.b.w.embedded.tomcat.TomcatWebServer  : Tomcat initialized with port(s): 0 (http)
2020-07-21 11:54:42.471  INFO 48318 --- [    Test worker] o.apache.catalina.core.StandardService   : Starting service [Tomcat]
2020-07-21 11:54:42.471  INFO 48318 --- [    Test worker] org.apache.catalina.core.StandardEngine  : Starting Servlet engine: [Apache Tomcat/9.0.21]
2020-07-21 11:54:42.564  INFO 48318 --- [    Test worker] o.a.c.c.C.[Tomcat].[localhost].[/]       : Initializing Spring embedded WebApplicationContext
2020-07-21 11:54:42.564  INFO 48318 --- [    Test worker] o.s.web.context.ContextLoader            : Root WebApplicationContext: initialization completed in 352 ms
2020-07-21 11:54:42.756  INFO 48318 --- [    Test worker] o.s.s.concurrent.ThreadPoolTaskExecutor  : Initializing ExecutorService 'applicationTaskExecutor'
2020-07-21 11:54:42.850  INFO 48318 --- [    Test worker] o.s.b.w.embedded.tomcat.TomcatWebServer  : Tomcat started on port(s): 65229 (http) with context path ''
2020-07-21 11:54:42.850  INFO 48318 --- [    Test worker] u.c.h.s.rest.controller.HttpRequestTest  : Started HttpRequestTest in 0.657 seconds (JVM running for 7.844)
2020-07-21 11:54:42.919  INFO 48318 --- [o-auto-1-exec-1] o.a.c.c.C.[Tomcat].[localhost].[/]       : Initializing Spring DispatcherServlet 'dispatcherServlet'
2020-07-21 11:54:42.920  INFO 48318 --- [o-auto-1-exec-1] o.s.web.servlet.DispatcherServlet        : Initializing Servlet 'dispatcherServlet'
2020-07-21 11:54:42.932  INFO 48318 --- [o-auto-1-exec-1] o.s.web.servlet.DispatcherServlet        : Completed initialization in 12 ms
]]></system-out>
  <system-err><![CDATA[]]></system-err>
</testsuite>
