<?xml version="1.0" encoding="UTF-8"?>
<testsuite name="uk.co.huntersix.spring.rest.referencedata.PersonDataServiceTest" tests="7" skipped="0" failures="0" errors="0" timestamp="2020-07-21T10:54:43" hostname="Birguls-MacBook-Pro.local" time="0.009">
  <properties/>
  <testcase name="shouldReturnEmptyListWhenThereIsNoMatchingPersonBySurname" classname="uk.co.huntersix.spring.rest.referencedata.PersonDataServiceTest" time="0.001"/>
  <testcase name="shouldThrowExceptionWhenThereIsNoMatchingPerson" classname="uk.co.huntersix.spring.rest.referencedata.PersonDataServiceTest" time="0.002"/>
  <testcase name="shouldThrowBadRequestExceptionWhenPersonAlreadyExist" classname="uk.co.huntersix.spring.rest.referencedata.PersonDataServiceTest" time="0.0"/>
  <testcase name="shouldReturnPersonByGivenNameAndSurname" classname="uk.co.huntersix.spring.rest.referencedata.PersonDataServiceTest" time="0.0"/>
  <testcase name="shouldReturnPersonListByGivenSurname" classname="uk.co.huntersix.spring.rest.referencedata.PersonDataServiceTest" time="0.0"/>
  <testcase name="shouldAddPersonSuccessfully" classname="uk.co.huntersix.spring.rest.referencedata.PersonDataServiceTest" time="0.0"/>
  <testcase name="shouldReturnOneElementListWhenThereIsOnlyOneMatchingPersonBySurname" classname="uk.co.huntersix.spring.rest.referencedata.PersonDataServiceTest" time="0.0"/>
  <system-out><![CDATA[2020-07-21 11:54:43.550  INFO 48318 --- [    Test worker] o.s.t.c.s.DefaultTestContextBootstrapper : Neither @ContextConfiguration nor @ContextHierarchy found for test class [uk.co.huntersix.spring.rest.referencedata.PersonDataServiceTest], using DelegatingSmartContextLoader
2020-07-21 11:54:43.551  INFO 48318 --- [    Test worker] o.s.t.c.support.AbstractContextLoader    : Could not detect default resource locations for test class [uk.co.huntersix.spring.rest.referencedata.PersonDataServiceTest]: no resource found for suffixes {-context.xml}.
2020-07-21 11:54:43.551  INFO 48318 --- [    Test worker] t.c.s.AnnotationConfigContextLoaderUtils : Could not detect default configuration classes for test class [uk.co.huntersix.spring.rest.referencedata.PersonDataServiceTest]: PersonDataServiceTest does not declare any static, non-private, non-final, nested classes annotated with @Configuration.
2020-07-21 11:54:43.552  INFO 48318 --- [    Test worker] o.s.t.c.s.DefaultTestContextBootstrapper : Loaded default TestExecutionListener class names from location [META-INF/spring.factories]: [org.springframework.boot.test.autoconfigure.restdocs.RestDocsTestExecutionListener, org.springframework.boot.test.autoconfigure.web.client.MockRestServiceServerResetTestExecutionListener, org.springframework.boot.test.autoconfigure.web.servlet.MockMvcPrintOnlyOnFailureTestExecutionListener, org.springframework.boot.test.autoconfigure.web.servlet.WebDriverTestExecutionListener, org.springframework.boot.test.mock.mockito.MockitoTestExecutionListener, org.springframework.boot.test.mock.mockito.ResetMocksTestExecutionListener, org.springframework.test.context.web.ServletTestExecutionListener, org.springframework.test.context.support.DirtiesContextBeforeModesTestExecutionListener, org.springframework.test.context.support.DependencyInjectionTestExecutionListener, org.springframework.test.context.support.DirtiesContextTestExecutionListener, org.springframework.test.context.transaction.TransactionalTestExecutionListener, org.springframework.test.context.jdbc.SqlScriptsTestExecutionListener]
2020-07-21 11:54:43.552  INFO 48318 --- [    Test worker] o.s.t.c.s.DefaultTestContextBootstrapper : Using TestExecutionListeners: [org.springframework.test.context.web.ServletTestExecutionListener@15e28b1e, org.springframework.test.context.support.DirtiesContextBeforeModesTestExecutionListener@1cac8b59, org.springframework.boot.test.mock.mockito.MockitoTestExecutionListener@a8b8d26, org.springframework.test.context.support.DependencyInjectionTestExecutionListener@5359e78, org.springframework.test.context.support.DirtiesContextTestExecutionListener@48e5fbb, org.springframework.boot.test.autoconfigure.restdocs.RestDocsTestExecutionListener@7c80ea30, org.springframework.boot.test.autoconfigure.web.client.MockRestServiceServerResetTestExecutionListener@2ab4aa3b, org.springframework.boot.test.autoconfigure.web.servlet.MockMvcPrintOnlyOnFailureTestExecutionListener@3db374b, org.springframework.boot.test.autoconfigure.web.servlet.WebDriverTestExecutionListener@75ded30c, org.springframework.boot.test.mock.mockito.ResetMocksTestExecutionListener@ef476ed]
]]></system-out>
  <system-err><![CDATA[]]></system-err>
</testsuite>
